<?xml version="1.0" encoding="utf-8"?><testsuites><testsuite errors="0" failures="0" hostname="DESKTOP-6L939TO" name="pytest" skipped="0" tests="4" time="2.523" timestamp="2020-08-11T16:47:58.308875"><testcase classname="test_submit" file="test_submit.py" line="3" name="test_q1" time="0.001"></testcase><testcase classname="test_submit" file="test_submit.py" line="8" name="test_q2" time="0.022"></testcase><testcase classname="test_submit" file="test_submit.py" line="13" name="test_q3" time="0.001"></testcase><testcase classname="test_submit" file="test_submit.py" line="18" name="test_q4" time="0.001"></testcase></testsuite></testsuites>